[debug] [2023-12-23T15:38:11.697Z] ----------------------------------------------------------------------
[debug] [2023-12-23T15:38:11.699Z] Command:       C:\node.exe C:\Users\david\AppData\Roaming\npm\node_modules\firebase-tools\lib\bin\firebase.js projects:list
[debug] [2023-12-23T15:38:11.700Z] CLI Version:   13.0.2
[debug] [2023-12-23T15:38:11.700Z] Platform:      win32
[debug] [2023-12-23T15:38:11.700Z] Node Version:  v18.18.0
[debug] [2023-12-23T15:38:11.701Z] Time:          Sat Dec 23 2023 10:38:11 GMT-0500 (hora estándar de Colombia)
[debug] [2023-12-23T15:38:11.701Z] ----------------------------------------------------------------------
[debug] 
[debug] [2023-12-23T15:38:11.708Z] > command requires scopes: ["email","openid","https://www.googleapis.com/auth/cloudplatformprojects.readonly","https://www.googleapis.com/auth/firebase","https://www.googleapis.com/auth/cloud-platform"]
[debug] [2023-12-23T15:38:11.709Z] > authorizing via signed-in user (palaciojefferson30@gmail.com)
[debug] [2023-12-23T15:38:11.713Z] > refreshing access token with scopes: []
[debug] [2023-12-23T15:38:11.715Z] >>> [apiv2][query] POST https://www.googleapis.com/oauth2/v3/token [none]
[debug] [2023-12-23T15:38:11.715Z] >>> [apiv2][body] POST https://www.googleapis.com/oauth2/v3/token [omitted]
[debug] [2023-12-23T15:38:11.992Z] <<< [apiv2][status] POST https://www.googleapis.com/oauth2/v3/token 400
[debug] [2023-12-23T15:38:11.993Z] <<< [apiv2][body] POST https://www.googleapis.com/oauth2/v3/token [omitted]
[debug] [2023-12-23T15:38:11.994Z] >>> [apiv2][query] GET https://firebase.googleapis.com/v1beta1/projects pageSize=1000
[debug] [2023-12-23T15:38:12.154Z] <<< [apiv2][status] GET https://firebase.googleapis.com/v1beta1/projects 401
[debug] [2023-12-23T15:38:12.154Z] <<< [apiv2][body] GET https://firebase.googleapis.com/v1beta1/projects [omitted]
[debug] [2023-12-23T15:38:12.155Z] HTTP Error: 401, Request had invalid authentication credentials. Expected OAuth 2 access token, login cookie or other valid authentication credential. See https://developers.google.com/identity/sign-in/web/devconsole-project.
[debug] [2023-12-23T15:38:12.351Z] FirebaseError: HTTP Error: 401, Request had invalid authentication credentials. Expected OAuth 2 access token, login cookie or other valid authentication credential. See https://developers.google.com/identity/sign-in/web/devconsole-project.
    at responseToError (C:\Users\david\AppData\Roaming\npm\node_modules\firebase-tools\lib\responseToError.js:49:12)
    at RetryOperation._fn (C:\Users\david\AppData\Roaming\npm\node_modules\firebase-tools\lib\apiv2.js:292:77)
    at process.processTicksAndRejections (node:internal/process/task_queues:95:5)
[error] 
[error] Error: Failed to list Firebase projects. See firebase-debug.log for more info.
